File:  issue15/df_1.csv 
MD5:   4248b4a014d2a687b7e7a0f81eac008b 
Key:   id 
 
 ============================================================ 
   variable   mean       sd      min    max     N     type    
 ------------------------------------------------------------ 
 1    a       0.500     0.291     0      1    10000  numeric  
 2    b       5.012     2.000   -2.030 12.140 10000  numeric  
 3    c                                       10000 character 
 4    id    5,000.500 2,886.896   1    10,000 10000  integer  
 ------------------------------------------------------------ 

File:  issue15/df_1.RDS 
MD5:   4248b4a014d2a687b7e7a0f81eac008b 
Key:   id 
 
 ============================================================ 
   variable   mean       sd      min    max     N     type    
 ------------------------------------------------------------ 
 1    a       0.500     0.291     0      1    10000  numeric  
 2    b       5.012     2.000   -2.030 12.140 10000  numeric  
 3    c                                       10000 character 
 4    id    5,000.500 2,886.896   1    10,000 10000  integer  
 ------------------------------------------------------------ 

File:  issue15/df_1.dta 
MD5:   4248b4a014d2a687b7e7a0f81eac008b 
Key:   id 
 
 ============================================================ 
   variable   mean       sd      min    max     N     type    
 ------------------------------------------------------------ 
 1    a       0.500     0.291     0      1    10000  numeric  
 2    b       5.012     2.000   -2.030 12.140 10000  numeric  
 3    c                                       10000 character 
 4    id    5,000.500 2,886.896   1    10,000 10000  integer  
 ------------------------------------------------------------ 
