File:  issue15/df_soc.csv 
MD5:   5807aee7eff8cb957c4744a09aa3464a 
Key:   soc 
 
 ============================================================================= 
         variable           mean         sd        min     max    N    type    
 ----------------------------------------------------------------------------- 
 1          soc          352,673.200 137,650.000 111,011 537,121 752  integer  
 2       soc_title                                               752 character 
 3       diff_logs          0.328       0.130    -0.057   0.783  752  numeric  
 4 sum_reasoning_ability    0.623       0.090     0.409   0.875  752  numeric  
 5     sum_knowledge        0.447       0.057     0.254   0.592  752  numeric  
 ----------------------------------------------------------------------------- 

File:  issue15/df_soc.RDS 
MD5:   5807aee7eff8cb957c4744a09aa3464a 
Key:   soc 
 
 ============================================================================= 
         variable           mean         sd        min     max    N    type    
 ----------------------------------------------------------------------------- 
 1          soc          352,673.200 137,650.000 111,011 537,121 752  integer  
 2       soc_title                                               752 character 
 3       diff_logs          0.328       0.130    -0.057   0.783  752  numeric  
 4 sum_reasoning_ability    0.623       0.090     0.409   0.875  752  numeric  
 5     sum_knowledge        0.447       0.057     0.254   0.592  752  numeric  
 ----------------------------------------------------------------------------- 

File:  issue15/df_soc.dta 
MD5:   5807aee7eff8cb957c4744a09aa3464a 
Key:   soc 
 
 ============================================================================= 
         variable           mean         sd        min     max    N    type    
 ----------------------------------------------------------------------------- 
 1          soc          352,673.200 137,650.000 111,011 537,121 752  integer  
 2       soc_title                                               752 character 
 3       diff_logs          0.328       0.130    -0.057   0.783  752  numeric  
 4 sum_reasoning_ability    0.623       0.090     0.409   0.875  752  numeric  
 5     sum_knowledge        0.447       0.057     0.254   0.592  752  numeric  
 ----------------------------------------------------------------------------- 
