File:  issue15/df_scatters.csv 
MD5:   22b14e6b1a21eb679e26f36bebdffb41 
Key:   ssyk96 
 
 =================================================================================== 
          variable           mean          sd         min      max      N    type    
 ----------------------------------------------------------------------------------- 
 1      d_share_earn           0          0.003     -0.016    0.034    337  numeric  
 2     d_share_earn_t       -0.017        0.370     -1.392    1.486    337  numeric  
 3       d_share_emp          -0          0.002     -0.008    0.026    337  numeric  
 4      d_share_emp_t       -0.012        0.369     -1.237    1.463    337  numeric  
 5        log_ratio          0.338        0.096      0.122    0.727    337  numeric  
 6        obs_1962          131.890      201.028       1      1,527    337  integer  
 7        obs_1963          140.398      219.258       0      1,781    337  integer  
 8        obs_1964          149.869      234.437       0      1,830    337  integer  
 9        obs_1965          161.392      254.049       0      2,121    337  integer  
 10       obs_1966          169.071      267.878       0      2,231    337  integer  
 11       obs_1967          173.617      277.222       0      2,288    337  integer  
 12       obs_1968          166.478      266.989       0      2,212    337  integer  
 13       obs_1969          163.243      261.072       0      2,158    337  integer  
 14       obs_1970          166.674      270.384       0      2,251    337  integer  
 15       obs_1971          174.329      289.211       1      2,592    337  integer  
 16       obs_1972          175.754      290.121       0      2,624    337  integer  
 17       obs_1973          174.582      296.959       0      2,899    337  integer  
 18       obs_1974          176.433      297.787       0      2,945    337  integer  
 19       obs_1975          168.074      282.638       0      2,880    337  integer  
 20        sector                                                      337 character 
 21    share_earn_1962       0.003        0.005     0.00000   0.043    337  numeric  
 22    share_earn_1975       0.003        0.006        0      0.066    337  numeric  
 23    share_emp_1962        0.003        0.005     0.00002   0.034    337  numeric  
 24    share_emp_1975        0.003        0.005        0      0.051    337  numeric  
 25        ssyk96          4,879.320    2,555.903    1,110    9,330    337  integer  
 26   ssyk96_occ_title                                                 337 character 
 27     sum_knowledge        0.451        0.049      0.320    0.569    337  numeric  
 28 sum_reasoning_ability    0.633        0.078      0.439    0.861    337  numeric  
 29   tot_earnings_1962   399,241.600  673,924.500    40    5,809,385  337  integer  
 30   tot_earnings_1963   422,320.500  728,194.000     0    6,619,800  337  integer  
 31   tot_earnings_1964   447,883.400  769,211.800     0    6,861,650  337  integer  
 32   tot_earnings_1965   496,056.200  866,365.800     0    8,352,879  337  integer  
 33   tot_earnings_1966   534,656.500  941,197.900     0    8,984,626  337  integer  
 34   tot_earnings_1967   579,312.700 1,030,744.000    0    9,738,389  337  integer  
 35   tot_earnings_1968   571,923.100 1,028,377.000    0    9,711,197  337  integer  
 36   tot_earnings_1969   555,392.300  996,423.200     0    9,335,962  337  integer  
 37   tot_earnings_1970   574,277.700 1,057,726.000    0    10,192,014 337  integer  
 38   tot_earnings_1971   631,057.000 1,197,882.000    0    12,032,892 337  integer  
 39   tot_earnings_1972   643,842.700 1,225,473.000    0    12,650,112 337  integer  
 40   tot_earnings_1973   647,907.400 1,273,067.000    0    13,905,330 337  integer  
 41   tot_earnings_1974   641,278.300 1,246,842.000    0    13,994,950 337  integer  
 42   tot_earnings_1975   598,044.300 1,158,969.000    0    13,357,299 337  integer  
 43        x_plot            0.455        0.067      0.356    0.560    16   numeric  
 44        y_plot            0.780        0.096      0.550    0.830    16   numeric  
 ----------------------------------------------------------------------------------- 

File:  issue15/df_scatters.RDS 
MD5:   22b14e6b1a21eb679e26f36bebdffb41 
Key:   ssyk96 
 
 =================================================================================== 
          variable           mean          sd         min      max      N    type    
 ----------------------------------------------------------------------------------- 
 1      d_share_earn           0          0.003     -0.016    0.034    337  numeric  
 2     d_share_earn_t       -0.017        0.370     -1.392    1.486    337  numeric  
 3       d_share_emp          -0          0.002     -0.008    0.026    337  numeric  
 4      d_share_emp_t       -0.012        0.369     -1.237    1.463    337  numeric  
 5        log_ratio          0.338        0.096      0.122    0.727    337  numeric  
 6        obs_1962          131.890      201.028       1      1,527    337  integer  
 7        obs_1963          140.398      219.258       0      1,781    337  integer  
 8        obs_1964          149.869      234.437       0      1,830    337  integer  
 9        obs_1965          161.392      254.049       0      2,121    337  integer  
 10       obs_1966          169.071      267.878       0      2,231    337  integer  
 11       obs_1967          173.617      277.222       0      2,288    337  integer  
 12       obs_1968          166.478      266.989       0      2,212    337  integer  
 13       obs_1969          163.243      261.072       0      2,158    337  integer  
 14       obs_1970          166.674      270.384       0      2,251    337  integer  
 15       obs_1971          174.329      289.211       1      2,592    337  integer  
 16       obs_1972          175.754      290.121       0      2,624    337  integer  
 17       obs_1973          174.582      296.959       0      2,899    337  integer  
 18       obs_1974          176.433      297.787       0      2,945    337  integer  
 19       obs_1975          168.074      282.638       0      2,880    337  integer  
 20        sector                                                      337 character 
 21    share_earn_1962       0.003        0.005     0.00000   0.043    337  numeric  
 22    share_earn_1975       0.003        0.006        0      0.066    337  numeric  
 23    share_emp_1962        0.003        0.005     0.00002   0.034    337  numeric  
 24    share_emp_1975        0.003        0.005        0      0.051    337  numeric  
 25        ssyk96          4,879.320    2,555.903    1,110    9,330    337  integer  
 26   ssyk96_occ_title                                                 337 character 
 27     sum_knowledge        0.451        0.049      0.320    0.569    337  numeric  
 28 sum_reasoning_ability    0.633        0.078      0.439    0.861    337  numeric  
 29   tot_earnings_1962   399,241.600  673,924.500    40    5,809,385  337  integer  
 30   tot_earnings_1963   422,320.500  728,194.000     0    6,619,800  337  integer  
 31   tot_earnings_1964   447,883.400  769,211.800     0    6,861,650  337  integer  
 32   tot_earnings_1965   496,056.200  866,365.800     0    8,352,879  337  integer  
 33   tot_earnings_1966   534,656.500  941,197.900     0    8,984,626  337  integer  
 34   tot_earnings_1967   579,312.700 1,030,744.000    0    9,738,389  337  integer  
 35   tot_earnings_1968   571,923.100 1,028,377.000    0    9,711,197  337  integer  
 36   tot_earnings_1969   555,392.300  996,423.200     0    9,335,962  337  integer  
 37   tot_earnings_1970   574,277.700 1,057,726.000    0    10,192,014 337  integer  
 38   tot_earnings_1971   631,057.000 1,197,882.000    0    12,032,892 337  integer  
 39   tot_earnings_1972   643,842.700 1,225,473.000    0    12,650,112 337  integer  
 40   tot_earnings_1973   647,907.400 1,273,067.000    0    13,905,330 337  integer  
 41   tot_earnings_1974   641,278.300 1,246,842.000    0    13,994,950 337  integer  
 42   tot_earnings_1975   598,044.300 1,158,969.000    0    13,357,299 337  integer  
 43        x_plot            0.455        0.067      0.356    0.560    16   numeric  
 44        y_plot            0.780        0.096      0.550    0.830    16   numeric  
 ----------------------------------------------------------------------------------- 

File:  issue15/df_scatters.dta 
MD5:   22b14e6b1a21eb679e26f36bebdffb41 
Key:   ssyk96 
 
 =================================================================================== 
          variable           mean          sd         min      max      N    type    
 ----------------------------------------------------------------------------------- 
 1      d_share_earn           0          0.003     -0.016    0.034    337  numeric  
 2     d_share_earn_t       -0.017        0.370     -1.392    1.486    337  numeric  
 3       d_share_emp          -0          0.002     -0.008    0.026    337  numeric  
 4      d_share_emp_t       -0.012        0.369     -1.237    1.463    337  numeric  
 5        log_ratio          0.338        0.096      0.122    0.727    337  numeric  
 6        obs_1962          131.890      201.028       1      1,527    337  integer  
 7        obs_1963          140.398      219.258       0      1,781    337  integer  
 8        obs_1964          149.869      234.437       0      1,830    337  integer  
 9        obs_1965          161.392      254.049       0      2,121    337  integer  
 10       obs_1966          169.071      267.878       0      2,231    337  integer  
 11       obs_1967          173.617      277.222       0      2,288    337  integer  
 12       obs_1968          166.478      266.989       0      2,212    337  integer  
 13       obs_1969          163.243      261.072       0      2,158    337  integer  
 14       obs_1970          166.674      270.384       0      2,251    337  integer  
 15       obs_1971          174.329      289.211       1      2,592    337  integer  
 16       obs_1972          175.754      290.121       0      2,624    337  integer  
 17       obs_1973          174.582      296.959       0      2,899    337  integer  
 18       obs_1974          176.433      297.787       0      2,945    337  integer  
 19       obs_1975          168.074      282.638       0      2,880    337  integer  
 20        sector                                                      337 character 
 21    share_earn_1962       0.003        0.005     0.00000   0.043    337  numeric  
 22    share_earn_1975       0.003        0.006        0      0.066    337  numeric  
 23    share_emp_1962        0.003        0.005     0.00002   0.034    337  numeric  
 24    share_emp_1975        0.003        0.005        0      0.051    337  numeric  
 25        ssyk96          4,879.320    2,555.903    1,110    9,330    337  integer  
 26   ssyk96_occ_title                                                 337 character 
 27     sum_knowledge        0.451        0.049      0.320    0.569    337  numeric  
 28 sum_reasoning_ability    0.633        0.078      0.439    0.861    337  numeric  
 29   tot_earnings_1962   399,241.600  673,924.500    40    5,809,385  337  integer  
 30   tot_earnings_1963   422,320.500  728,194.000     0    6,619,800  337  integer  
 31   tot_earnings_1964   447,883.400  769,211.800     0    6,861,650  337  integer  
 32   tot_earnings_1965   496,056.200  866,365.800     0    8,352,879  337  integer  
 33   tot_earnings_1966   534,656.500  941,197.900     0    8,984,626  337  integer  
 34   tot_earnings_1967   579,312.700 1,030,744.000    0    9,738,389  337  integer  
 35   tot_earnings_1968   571,923.100 1,028,377.000    0    9,711,197  337  integer  
 36   tot_earnings_1969   555,392.300  996,423.200     0    9,335,962  337  integer  
 37   tot_earnings_1970   574,277.700 1,057,726.000    0    10,192,014 337  integer  
 38   tot_earnings_1971   631,057.000 1,197,882.000    0    12,032,892 337  integer  
 39   tot_earnings_1972   643,842.700 1,225,473.000    0    12,650,112 337  integer  
 40   tot_earnings_1973   647,907.400 1,273,067.000    0    13,905,330 337  integer  
 41   tot_earnings_1974   641,278.300 1,246,842.000    0    13,994,950 337  integer  
 42   tot_earnings_1975   598,044.300 1,158,969.000    0    13,357,299 337  integer  
 43        x_plot            0.455        0.067      0.356    0.560    16   numeric  
 44        y_plot            0.780        0.096      0.550    0.830    16   numeric  
 ----------------------------------------------------------------------------------- 
